[89661][1738158183456][main][info]["Booting Postman 11.28.4, linux-6.12.10-arch1-1 on x64"]
[89661][1738158183460][main][info]["EventBus~initialize - Success"]
[89661][1738158183462][main][info]["Proxy configuration has not been setup"]
[89661][1738158183463][main][info]["CloudProxyManager~init - Success"]
[89661][1738158183510][main][info]["performShellDataMigration: Starting shell data migration"]
[89661][1738158183510][main][info]["migrateShellData:Starting"]
[89661][1738158183512][main][info]["migrateShellData: Old storage cleaned up"]
[89661][1738158185379][main][info]["migrateShellData: Got data from shell. Writing to storage"]
[89661][1738158185382][main][info]["performShellDataMigration: Migration successful on try count 1"]
[89661][1738158185386][main][error]["Main~booting: Failed",{"code":"MODULE_NOT_FOUND","requireStack":["/opt/postman/app/resources/app/node_modules/@postman-app/app-updater/src/autoUpdater/LinuxAutoUpdater.js","/opt/postman/app/resources/app/node_modules/@postman-app/app-updater/src/index.js","/opt/postman/app/resources/app/services/UpdaterHandler.js","/opt/postman/app/resources/app/main.js",null],"name":"Error","message":"Cannot find module '@postman/hermes'\nRequire stack:\n- /opt/postman/app/resources/app/node_modules/@postman-app/app-updater/src/autoUpdater/LinuxAutoUpdater.js\n- /opt/postman/app/resources/app/node_modules/@postman-app/app-updater/src/index.js\n- /opt/postman/app/resources/app/services/UpdaterHandler.js\n- /opt/postman/app/resources/app/main.js\n- ","stack":"Error: Cannot find module '@postman/hermes'\nRequire stack:\n- /opt/postman/app/resources/app/node_modules/@postman-app/app-updater/src/autoUpdater/LinuxAutoUpdater.js\n- /opt/postman/app/resources/app/node_modules/@postman-app/app-updater/src/index.js\n- /opt/postman/app/resources/app/services/UpdaterHandler.js\n- /opt/postman/app/resources/app/main.js\n- \n    at Module._resolveFilename (node:internal/modules/cjs/loader:1152:15)\n    at s._resolveFilename (node:electron/js2c/browser_init:2:121381)\n    at Module._load (node:internal/modules/cjs/loader:993:27)\n    at c._load (node:electron/js2c/node_init:2:17025)\n    at Module.require (node:internal/modules/cjs/loader:1240:19)\n    at require (node:internal/modules/helpers:179:18)\n    at Object.<anonymous> (/opt/postman/app/resources/app/node_modules/@postman-app/app-updater/src/autoUpdater/LinuxAutoUpdater.js:1:16)\n    at Module._compile (node:internal/modules/cjs/loader:1373:14)\n    at Module._extensions..js (node:internal/modules/cjs/loader:1432:10)\n    at Module.load (node:internal/modules/cjs/loader:1215:32)"}]
[89661][1738158185387][main][info]["LeaderSelection: Initialized successfully"]
[89661][1738158185388][main][info]["VersionDependencyService: Initialized successfully"]
[89661][1738158185397][main][info]["GPU detected VID 4318 DID 7200 ACTIVE true"]
[89661][1738158185397][main][info]["GPU detected VID 32902 DID 16027 ACTIVE false"]
[89661][1738158185398][main][info]["shellController~init: Success"]
[89661][1738158185399][main][info]["shellMeta~init: Success"]
[89661][1738158185399][main][info]["partitionMigrationService: State of V7 partition:"]
[89661][1738158185399][main][info]["partitionMigrationService: V7 partitions",[]]
[89661][1738158185399][main][info]["partitionMigrationService~rectifyNamespaceOfScratchPadPartition: There is no partition with scratchpad namespace"]
[89661][1738158185399][main][info]["partitionMigrationService~rectifyNamespaceOfScratchPadPartition: There is no transit partition which could have been used for scratchpad"]
[89661][1738158185399][main][info]["partitionMigrationService~init: Success"]
[89661][1738158185400][main][info]["partitionMigrationService~runV8PartitionsIntegrity: Two way migration~ removing the following partitions from v8",[]]
[89661][1738158185400][main][info]["userPartitionService~_rectifyTheActivePartitionOfApplication: Setting the active partition to ",null]
[89661][1738158185413][main][info]["Generated root certificate for linux"]
[89661][1738158185427][main][info]["newAccountRegionPreferenceService~getPreferenceWithFallback - Preference not found in storage."]
[89661][1738158185427][main][info]["newAccountRegionPreferenceService~getToggleMenuTemplate - Using preference:","useUSRegion"]
[89661][1738158185432][main][info]["userPartitionService~init: Success"]
[89661][1738158185443][main][info]["userPartitionService: State of v8 partition system:"]
[89661][1738158185443][main][info]["shell~init~getPartitionToLoad: loading scratchpad partition"]
[89661][1738158185443][main][info]["userPartitionService: List of partitions:",[]]
[89661][1738158185443][main][info]["userPartitionService: users global meta:",{}]
[89661][1738158185449][main][info]["Main:windowManager~newRequesterWindow: Fetch and update runtime config: undefined"]
[89661][1738158185562][main][info]["proxyCertificateService~ensureRootCAPresence: Deleting and creating new certificates"]
[89661][1738158187854][main][info]["RuntimeIPCAgent~started: Success"]
[89661][1738158187867][main][info]["Main~scratchpadThemeAction:: action: set, value: light"]
[89661][1738158187869][main][info]["Main~scratchpadThemeAction:: action: set, value: light"]
[89661][1738158187877][main][info]["Main~scratchpadThemeAction:: action: set, value: light"]
[89661][1738158187894][main][info]["windowManager: First requester booted successfully."]
[89661][1738158187895][main][info]["windowManager~restoreWindows: Restoring requester windows"]
[89661][1738158187895][main][info]["Main~AppEvents - Received booted event for process requester.Version undefined UI Version: undefined Desktop Platform Version: 11.28.4"]
[89661][1738158191304][main][info]["WindowManager~closeHandler - Closed Window (id: 2 )"]
[89661][1738158191309][main][info]["Quitting app"]
[3353][1738173367659][main][info]["Booting Postman 11.28.4, linux-6.12.10-arch1-1 on x64"]
[3353][1738173367661][main][info]["EventBus~initialize - Success"]
[3353][1738173367663][main][info]["Proxy configuration has not been setup"]
[3353][1738173367663][main][info]["CloudProxyManager~init - Success"]
[3353][1738173367707][main][info]["performShellDataMigration: Migration has already been done. Bailing out"]
[3353][1738173367709][main][error]["Main~booting: Failed",{"code":"MODULE_NOT_FOUND","requireStack":["/opt/postman/app/resources/app/node_modules/@postman-app/app-updater/src/autoUpdater/LinuxAutoUpdater.js","/opt/postman/app/resources/app/node_modules/@postman-app/app-updater/src/index.js","/opt/postman/app/resources/app/services/UpdaterHandler.js","/opt/postman/app/resources/app/main.js",null],"name":"Error","message":"Cannot find module '@postman/hermes'\nRequire stack:\n- /opt/postman/app/resources/app/node_modules/@postman-app/app-updater/src/autoUpdater/LinuxAutoUpdater.js\n- /opt/postman/app/resources/app/node_modules/@postman-app/app-updater/src/index.js\n- /opt/postman/app/resources/app/services/UpdaterHandler.js\n- /opt/postman/app/resources/app/main.js\n- ","stack":"Error: Cannot find module '@postman/hermes'\nRequire stack:\n- /opt/postman/app/resources/app/node_modules/@postman-app/app-updater/src/autoUpdater/LinuxAutoUpdater.js\n- /opt/postman/app/resources/app/node_modules/@postman-app/app-updater/src/index.js\n- /opt/postman/app/resources/app/services/UpdaterHandler.js\n- /opt/postman/app/resources/app/main.js\n- \n    at Module._resolveFilename (node:internal/modules/cjs/loader:1152:15)\n    at s._resolveFilename (node:electron/js2c/browser_init:2:121381)\n    at Module._load (node:internal/modules/cjs/loader:993:27)\n    at c._load (node:electron/js2c/node_init:2:17025)\n    at Module.require (node:internal/modules/cjs/loader:1240:19)\n    at require (node:internal/modules/helpers:179:18)\n    at Object.<anonymous> (/opt/postman/app/resources/app/node_modules/@postman-app/app-updater/src/autoUpdater/LinuxAutoUpdater.js:1:16)\n    at Module._compile (node:internal/modules/cjs/loader:1373:14)\n    at Module._extensions..js (node:internal/modules/cjs/loader:1432:10)\n    at Module.load (node:internal/modules/cjs/loader:1215:32)"}]
[3353][1738173367711][main][info]["LeaderSelection: Initialized successfully"]
[3353][1738173367711][main][info]["VersionDependencyService: Initialized successfully"]
[3353][1738173369307][main][info]["GPU detected VID 4318 DID 7200 ACTIVE true"]
[3353][1738173369308][main][info]["GPU detected VID 32902 DID 16027 ACTIVE false"]
[3353][1738173369309][main][info]["shellController~init: Success"]
[3353][1738173369310][main][info]["shellMeta~init: Success"]
[3353][1738173369310][main][info]["partitionMigrationService: State of V7 partition:"]
[3353][1738173369310][main][info]["partitionMigrationService: V7 partitions",[]]
[3353][1738173369310][main][info]["partitionMigrationService~rectifyNamespaceOfScratchPadPartition: There is no partition with scratchpad namespace"]
[3353][1738173369310][main][info]["partitionMigrationService~rectifyNamespaceOfScratchPadPartition: There is no transit partition which could have been used for scratchpad"]
[3353][1738173369310][main][info]["partitionMigrationService~init: Success"]
[3353][1738173369311][main][info]["partitionMigrationService~runV8PartitionsIntegrity: Two way migration~ removing the following partitions from v8",[]]
[3353][1738173369311][main][info]["userPartitionService~_rectifyTheActivePartitionOfApplication: Setting the active partition to ",null]
[3353][1738173369318][main][info]["newAccountRegionPreferenceService~getPreferenceWithFallback - Preference not found in storage."]
[3353][1738173369318][main][info]["newAccountRegionPreferenceService~getToggleMenuTemplate - Using preference:","useUSRegion"]
[3353][1738173369325][main][info]["userPartitionService~init: Success"]
[3353][1738173369336][main][info]["userPartitionService: State of v8 partition system:"]
[3353][1738173369337][main][info]["shell~init~getPartitionToLoad: loading scratchpad partition"]
[3353][1738173369337][main][info]["userPartitionService: List of partitions:",[{"partitionId":"710a737f-b3e4-4cf3-9087-538ca15eaa80","namespace":"scratchPad","userId":0,"teamId":0,"isDirty":false}]]
[3353][1738173369337][main][info]["userPartitionService: users global meta:",{}]
[3353][1738173369337][main][info]["Main:windowManager~newRequesterWindow: Fetch and update runtime config: undefined"]
[3353][1738173371866][main][info]["RuntimeIPCAgent~started: Success"]
[3353][1738173371877][main][info]["Main~scratchpadThemeAction:: action: set, value: light"]
[3353][1738173371880][main][info]["Main~scratchpadThemeAction:: action: set, value: light"]
[3353][1738173371891][main][info]["Main~scratchpadThemeAction:: action: set, value: light"]
[3353][1738173371901][main][info]["windowManager: First requester booted successfully."]
[3353][1738173371901][main][info]["windowManager~restoreWindows: Restoring requester windows"]
[3353][1738173371901][main][info]["Main~AppEvents - Received booted event for process requester.Version undefined UI Version: undefined Desktop Platform Version: 11.28.4"]
[3353][1738173376757][main][info]["VersionDependencyService: Resetting UI version as user logged out/switched account"]
[3353][1738173376757][main][info]["Main - model-events~user - (users, add) received"]
[3353][1738173376982][main][info]["AuthHandler~open: Received dom-ready event."]
[3353][1738173376984][main][info]["AuthHandler~open: Received did-finish-load event."]
[3353][1738173377093][main][warn]["AuthHandler~open: Current app is not default protocol client - Falling back to polling mechanism."]
[3353][1738173377095][main][info]["newAccountRegionPreferenceService~getPreferenceWithFallback - Preference not found in storage."]
[3353][1738173377095][main][info]["newAccountRegionPreferenceService~getRegionPreference - Using preference:","useUSRegion"]
[3353][1738173377095][main][info]["AuthHandler~open: new Account region preference:","us"]
[3353][1738173377095][main][info]["AuthHandler~open: get multiLoginToken token."]
[3353][1738173377095][main][info]["AuthHandler~open: Publishing initialize event to auth-window channel."]
[3353][1738173404298][main][info]["Shell~init~loginUser: associating the user ","22715560"," with transit partition"]
[3353][1738173404298][main][info]["userPartitionService~getNewPartitionId: creating a partition with userId and teamId as 0"]
[3353][1738173404308][main][info]["userPartitionService~associateTransitPartition: ",{"partitionId":"b7dd753e-234d-4624-87c9-4c67ec69b1a8","context":{"namespace":"users","userId":"22715560","teamId":"0","region":"us"}}]
[3353][1738173404316][main][info]["userPartitionService: State of v8 partition system:"]
[3353][1738173404317][main][info]["userPartitionService: List of partitions:",[{"partitionId":"b7dd753e-234d-4624-87c9-4c67ec69b1a8","namespace":"users","userId":"22715560","teamId":"0","lastUpdated":"2025-01-29T17:56:44.308Z"},{"partitionId":"710a737f-b3e4-4cf3-9087-538ca15eaa80","namespace":"scratchPad","userId":0,"teamId":0,"isDirty":false}]]
[3353][1738173404317][main][info]["userPartitionService: users global meta:",{}]
[3353][1738173404320][main][info]["Main:windowManager~newRequesterWindow: Fetch and update runtime config: us"]
[3353][1738173406448][main][info]["Main~getRemoteInitPath:: "]
[3353][1738173406524][main][info]["Main - model-events~user - (user, update) received"]
[3353][1738173406525][main][info]["Main~reload: https://desktop.postman.com/?desktopVersion=11.28.4&userId=22715560&teamId=0&region=us"]
[3353][1738173406767][main][info]["INTERCEPTOR CONNECTIVITY: Connecting to Interceptor Bridge"]
[3353][1738173406775][main][info]["windowManager: First requester booted successfully."]
[3353][1738173406775][main][info]["windowManager~restoreWindows: Restoring requester windows"]
[3353][1738173406775][main][info]["Main~AppEvents - Received booted event for process requester.Version 11.29.4 UI Version: 11.29.4-ui-250122-2337 Desktop Platform Version: 11.28.4"]
[3353][1738173406844][main][info]["Main~getRemoteInitPath:: "]
[3353][1738173406937][main][info]["Main~getPlatformLaunchPerfMetrics"]
[3353][1738173409560][main][info]["Main~getRemoteInitPath:: "]
[3353][1738173409609][main][info]["Main - model-events~user - (user, update) received"]
[3353][1738173409850][main][info]["Main~AppEvents - Received booted event for process requester.Version 11.29.4 UI Version: 11.29.4-ui-250122-2337 Desktop Platform Version: 11.28.4"]
[3353][1738173409886][main][info]["Main~getRemoteInitPath:: "]
[3353][1738173410568][main][info]["INTERCEPTOR CONNECTIVITY: Attempting to start websocket server on port 15611"]
[3353][1738173410828][main][info]["Main - model-events~user - (user, bootstrapUser) received"]
[3353][1738173410828][main][info]["model-events~user - bootstrapUser received"]
[3353][1738173410980][main][info]["Main~getPlatformLaunchPerfMetrics"]
[3353][1738173411004][main][info]["Main - model-events~user - (user, bootstrapUser) received"]
[3353][1738173411004][main][info]["model-events~user - bootstrapUser received"]
[3353][1738174663208][main][info]["WindowManager~closeHandler - Closed Window (id: 3 )"]
[3353][1738174663234][main][info]["Quitting app"]
[4918][1738185992196][main][info]["Booting Postman 11.28.4, linux-6.12.10-arch1-1 on x64"]
[4918][1738185992198][main][info]["EventBus~initialize - Success"]
[4918][1738185992200][main][info]["Proxy configuration has not been setup"]
[4918][1738185992200][main][info]["CloudProxyManager~init - Success"]
[4918][1738185992245][main][info]["performShellDataMigration: Migration has already been done. Bailing out"]
[4918][1738185992247][main][error]["Main~booting: Failed",{"code":"MODULE_NOT_FOUND","requireStack":["/opt/postman/app/resources/app/node_modules/@postman-app/app-updater/src/autoUpdater/LinuxAutoUpdater.js","/opt/postman/app/resources/app/node_modules/@postman-app/app-updater/src/index.js","/opt/postman/app/resources/app/services/UpdaterHandler.js","/opt/postman/app/resources/app/main.js",null],"name":"Error","message":"Cannot find module '@postman/hermes'\nRequire stack:\n- /opt/postman/app/resources/app/node_modules/@postman-app/app-updater/src/autoUpdater/LinuxAutoUpdater.js\n- /opt/postman/app/resources/app/node_modules/@postman-app/app-updater/src/index.js\n- /opt/postman/app/resources/app/services/UpdaterHandler.js\n- /opt/postman/app/resources/app/main.js\n- ","stack":"Error: Cannot find module '@postman/hermes'\nRequire stack:\n- /opt/postman/app/resources/app/node_modules/@postman-app/app-updater/src/autoUpdater/LinuxAutoUpdater.js\n- /opt/postman/app/resources/app/node_modules/@postman-app/app-updater/src/index.js\n- /opt/postman/app/resources/app/services/UpdaterHandler.js\n- /opt/postman/app/resources/app/main.js\n- \n    at Module._resolveFilename (node:internal/modules/cjs/loader:1152:15)\n    at s._resolveFilename (node:electron/js2c/browser_init:2:121381)\n    at Module._load (node:internal/modules/cjs/loader:993:27)\n    at c._load (node:electron/js2c/node_init:2:17025)\n    at Module.require (node:internal/modules/cjs/loader:1240:19)\n    at require (node:internal/modules/helpers:179:18)\n    at Object.<anonymous> (/opt/postman/app/resources/app/node_modules/@postman-app/app-updater/src/autoUpdater/LinuxAutoUpdater.js:1:16)\n    at Module._compile (node:internal/modules/cjs/loader:1373:14)\n    at Module._extensions..js (node:internal/modules/cjs/loader:1432:10)\n    at Module.load (node:internal/modules/cjs/loader:1215:32)"}]
[4918][1738185992249][main][info]["LeaderSelection: Initialized successfully"]
[4918][1738185992249][main][info]["VersionDependencyService: Initialized successfully"]
[4918][1738185993841][main][info]["GPU detected VID 4318 DID 7200 ACTIVE true"]
[4918][1738185993841][main][info]["GPU detected VID 32902 DID 16027 ACTIVE false"]
[4918][1738185993843][main][info]["shellController~init: Success"]
[4918][1738185993844][main][info]["shellMeta~init: Success"]
[4918][1738185993844][main][info]["partitionMigrationService: State of V7 partition:"]
[4918][1738185993844][main][info]["partitionMigrationService: V7 partitions",[]]
[4918][1738185993845][main][info]["partitionMigrationService~rectifyNamespaceOfScratchPadPartition: There is no partition with scratchpad namespace"]
[4918][1738185993845][main][info]["partitionMigrationService~rectifyNamespaceOfScratchPadPartition: There is no transit partition which could have been used for scratchpad"]
[4918][1738185993845][main][info]["partitionMigrationService~init: Success"]
[4918][1738185993846][main][info]["partitionMigrationService~runV8PartitionsIntegrity: Two way migration~ removing the following partitions from v8",[]]
[4918][1738185993846][main][info]["userPartitionService~getRecentV8UserPartition: recent v8 user context partition ","b7dd753e-234d-4624-87c9-4c67ec69b1a8"]
[4918][1738185993846][main][info]["userPartitionService~_rectifyTheActivePartitionOfApplication: Setting the active partition to ","b7dd753e-234d-4624-87c9-4c67ec69b1a8"]
[4918][1738185993853][main][info]["newAccountRegionPreferenceService~getPreferenceWithFallback - Preference not found in storage."]
[4918][1738185993854][main][info]["newAccountRegionPreferenceService~getToggleMenuTemplate - Using preference:","useUSRegion"]
[4918][1738185993861][main][info]["userPartitionService~init: Success"]
[4918][1738185993873][main][info]["userPartitionService: State of v8 partition system:"]
[4918][1738185993873][main][info]["shell~init~getPartitionToLoad: loading active partition"]
[4918][1738185993874][main][info]["userPartitionService: List of partitions:",[{"partitionId":"b7dd753e-234d-4624-87c9-4c67ec69b1a8","namespace":"users","userId":"22715560","teamId":"0","lastUpdated":"2025-01-29T17:56:44.308Z"},{"partitionId":"710a737f-b3e4-4cf3-9087-538ca15eaa80","namespace":"scratchPad","userId":0,"teamId":0,"isDirty":false}]]
[4918][1738185993874][main][info]["userPartitionService: users global meta:",{}]
[4918][1738185993874][main][info]["Main:windowManager~newRequesterWindow: Fetch and update runtime config: us"]
[4918][1738185995902][main][info]["Main~getRemoteInitPath:: "]
[4918][1738185995958][main][info]["INTERCEPTOR CONNECTIVITY: Connecting to Interceptor Bridge"]
[4918][1738185995972][main][info]["windowManager: First requester booted successfully."]
[4918][1738185995972][main][info]["windowManager~restoreWindows: Restoring requester windows"]
[4918][1738185995972][main][info]["Main~AppEvents - Received booted event for process requester.Version 11.29.4 UI Version: 11.29.4-ui-250122-2337 Desktop Platform Version: 11.28.4"]
[4918][1738185996044][main][info]["Main~getRemoteInitPath:: "]
[4918][1738185996685][main][info]["INTERCEPTOR CONNECTIVITY: Attempting to start websocket server on port 15611"]
[4918][1738185996921][main][info]["Main~getPlatformLaunchPerfMetrics"]
[4918][1738185997324][main][info]["Main - model-events~user - (user, bootstrapUser) received"]
[4918][1738185997324][main][info]["model-events~user - bootstrapUser received"]
[4918][1738186002533][main][info]["RuntimeIPCAgent~started: Success"]
[4918][1738186831691][main][info]["WindowManager~closeHandler - Closed Window (id: 1 )"]
[4918][1738186831745][main][info]["Quitting app"]
[18893][1738253960016][main][info]["Booting Postman 11.28.4, linux-6.12.10-arch1-1 on x64"]
[18893][1738253960018][main][info]["EventBus~initialize - Success"]
[18893][1738253960019][main][info]["Proxy configuration has not been setup"]
[18893][1738253960020][main][info]["CloudProxyManager~init - Success"]
[18893][1738253960064][main][info]["performShellDataMigration: Migration has already been done. Bailing out"]
[18893][1738253960066][main][error]["Main~booting: Failed",{"code":"MODULE_NOT_FOUND","requireStack":["/opt/postman/app/resources/app/node_modules/@postman-app/app-updater/src/autoUpdater/LinuxAutoUpdater.js","/opt/postman/app/resources/app/node_modules/@postman-app/app-updater/src/index.js","/opt/postman/app/resources/app/services/UpdaterHandler.js","/opt/postman/app/resources/app/main.js",null],"name":"Error","message":"Cannot find module '@postman/hermes'\nRequire stack:\n- /opt/postman/app/resources/app/node_modules/@postman-app/app-updater/src/autoUpdater/LinuxAutoUpdater.js\n- /opt/postman/app/resources/app/node_modules/@postman-app/app-updater/src/index.js\n- /opt/postman/app/resources/app/services/UpdaterHandler.js\n- /opt/postman/app/resources/app/main.js\n- ","stack":"Error: Cannot find module '@postman/hermes'\nRequire stack:\n- /opt/postman/app/resources/app/node_modules/@postman-app/app-updater/src/autoUpdater/LinuxAutoUpdater.js\n- /opt/postman/app/resources/app/node_modules/@postman-app/app-updater/src/index.js\n- /opt/postman/app/resources/app/services/UpdaterHandler.js\n- /opt/postman/app/resources/app/main.js\n- \n    at Module._resolveFilename (node:internal/modules/cjs/loader:1152:15)\n    at s._resolveFilename (node:electron/js2c/browser_init:2:121381)\n    at Module._load (node:internal/modules/cjs/loader:993:27)\n    at c._load (node:electron/js2c/node_init:2:17025)\n    at Module.require (node:internal/modules/cjs/loader:1240:19)\n    at require (node:internal/modules/helpers:179:18)\n    at Object.<anonymous> (/opt/postman/app/resources/app/node_modules/@postman-app/app-updater/src/autoUpdater/LinuxAutoUpdater.js:1:16)\n    at Module._compile (node:internal/modules/cjs/loader:1373:14)\n    at Module._extensions..js (node:internal/modules/cjs/loader:1432:10)\n    at Module.load (node:internal/modules/cjs/loader:1215:32)"}]
[18893][1738253960068][main][info]["LeaderSelection: Initialized successfully"]
[18893][1738253960069][main][info]["VersionDependencyService: Initialized successfully"]
[18893][1738253961666][main][info]["GPU detected VID 4318 DID 7200 ACTIVE true"]
[18893][1738253961667][main][info]["GPU detected VID 32902 DID 16027 ACTIVE false"]
[18893][1738253961669][main][info]["shellController~init: Success"]
[18893][1738253961670][main][info]["shellMeta~init: Success"]
[18893][1738253961670][main][info]["partitionMigrationService: State of V7 partition:"]
[18893][1738253961670][main][info]["partitionMigrationService: V7 partitions",[]]
[18893][1738253961671][main][info]["partitionMigrationService~rectifyNamespaceOfScratchPadPartition: There is no partition with scratchpad namespace"]
[18893][1738253961671][main][info]["partitionMigrationService~rectifyNamespaceOfScratchPadPartition: There is no transit partition which could have been used for scratchpad"]
[18893][1738253961671][main][info]["partitionMigrationService~init: Success"]
[18893][1738253961671][main][info]["partitionMigrationService~runV8PartitionsIntegrity: Two way migration~ removing the following partitions from v8",[]]
[18893][1738253961672][main][info]["userPartitionService~getRecentV8UserPartition: recent v8 user context partition ","b7dd753e-234d-4624-87c9-4c67ec69b1a8"]
[18893][1738253961672][main][info]["userPartitionService~_rectifyTheActivePartitionOfApplication: Setting the active partition to ","b7dd753e-234d-4624-87c9-4c67ec69b1a8"]
[18893][1738253961679][main][info]["newAccountRegionPreferenceService~getPreferenceWithFallback - Preference not found in storage."]
[18893][1738253961679][main][info]["newAccountRegionPreferenceService~getToggleMenuTemplate - Using preference:","useUSRegion"]
[18893][1738253961687][main][info]["userPartitionService~init: Success"]
[18893][1738253961698][main][info]["userPartitionService: State of v8 partition system:"]
[18893][1738253961699][main][info]["shell~init~getPartitionToLoad: loading active partition"]
[18893][1738253961699][main][info]["userPartitionService: List of partitions:",[{"partitionId":"b7dd753e-234d-4624-87c9-4c67ec69b1a8","namespace":"users","userId":"22715560","teamId":"0","lastUpdated":"2025-01-29T17:56:44.308Z"},{"partitionId":"710a737f-b3e4-4cf3-9087-538ca15eaa80","namespace":"scratchPad","userId":0,"teamId":0,"isDirty":false}]]
[18893][1738253961699][main][info]["userPartitionService: users global meta:",{}]
[18893][1738253961699][main][info]["Main:windowManager~newRequesterWindow: Fetch and update runtime config: us"]
[18893][1738253962626][main][info]["Main~getRemoteInitPath:: "]
[18893][1738253962687][main][info]["INTERCEPTOR CONNECTIVITY: Connecting to Interceptor Bridge"]
[18893][1738253962703][main][info]["windowManager: First requester booted successfully."]
[18893][1738253962704][main][info]["windowManager~restoreWindows: Restoring requester windows"]
[18893][1738253962704][main][info]["Main~AppEvents - Received booted event for process requester.Version 11.29.4 UI Version: 11.29.4-ui-250122-2337 Desktop Platform Version: 11.28.4"]
[18893][1738253962779][main][info]["Main~getRemoteInitPath:: "]
[18893][1738253963369][main][info]["INTERCEPTOR CONNECTIVITY: Attempting to start websocket server on port 15611"]
[18893][1738253963629][main][info]["Main~getPlatformLaunchPerfMetrics"]
[18893][1738253963968][main][info]["Main - model-events~user - (user, bootstrapUser) received"]
[18893][1738253963968][main][info]["model-events~user - bootstrapUser received"]
[18893][1738253969277][main][info]["RuntimeIPCAgent~started: Success"]
[18893][1738254027538][main][info]["WindowManager~closeHandler - Closed Window (id: 1 )"]
[18893][1738254027556][main][info]["Quitting app"]
